<?xml version="1.0" encoding="UTF-8"?>
<coverage generated="1474966799">
  <project timestamp="1474966799">
    <package name="App\Console">
      <file name="/Users/fafan/TrainingDay2/php-lumen-yose/app/Console/Kernel.php">
        <class name="Kernel" namespace="App\Console">
          <metrics methods="1" coveredmethods="0" conditionals="0" coveredconditionals="0" statements="2" coveredstatements="0" elements="3" coveredelements="0"/>
        </class>
        <line num="25" type="method" name="schedule" crap="2" count="0"/>
        <line num="26" type="stmt" count="0"/>
        <line num="28" type="stmt" count="0"/>
        <metrics loc="29" ncloc="14" classes="1" methods="1" coveredmethods="0" conditionals="0" coveredconditionals="0" statements="2" coveredstatements="0" elements="3" coveredelements="0"/>
      </file>
    </package>
    <package name="App\Events">
      <file name="/Users/fafan/TrainingDay2/php-lumen-yose/app/Events/Event.php">
        <class name="Event" namespace="App\Events">
          <metrics methods="0" coveredmethods="0" conditionals="0" coveredconditionals="0" statements="0" coveredstatements="0" elements="0" coveredelements="0"/>
        </class>
        <metrics loc="10" ncloc="10" classes="1" methods="0" coveredmethods="0" conditionals="0" coveredconditionals="0" statements="0" coveredstatements="0" elements="0" coveredelements="0"/>
      </file>
    </package>
    <package name="App\Exceptions">
      <file name="/Users/fafan/TrainingDay2/php-lumen-yose/app/Exceptions/Handler.php">
        <class name="Handler" namespace="App\Exceptions">
          <metrics methods="2" coveredmethods="0" conditionals="0" coveredconditionals="0" statements="6" coveredstatements="0" elements="8" coveredelements="0"/>
        </class>
        <line num="28" type="method" name="report" crap="2" count="0"/>
        <line num="29" type="stmt" count="0"/>
        <line num="30" type="stmt" count="0"/>
        <line num="31" type="stmt" count="0"/>
        <line num="40" type="method" name="render" crap="2" count="0"/>
        <line num="41" type="stmt" count="0"/>
        <line num="42" type="stmt" count="0"/>
        <line num="43" type="stmt" count="0"/>
        <metrics loc="44" ncloc="24" classes="1" methods="2" coveredmethods="0" conditionals="0" coveredconditionals="0" statements="6" coveredstatements="0" elements="8" coveredelements="0"/>
      </file>
    </package>
    <package name="App\Http\Controllers">
      <file name="/Users/fafan/TrainingDay2/php-lumen-yose/app/Http/Controllers/AstroportController.php">
        <class name="AstroportController" namespace="App\Http\Controllers">
          <metrics methods="1" coveredmethods="1" conditionals="0" coveredconditionals="0" statements="1" coveredstatements="1" elements="2" coveredelements="2"/>
        </class>
        <line num="9" type="method" name="astroport" crap="1" count="1"/>
        <line num="11" type="stmt" count="1"/>
        <metrics loc="13" ncloc="13" classes="1" methods="1" coveredmethods="1" conditionals="0" coveredconditionals="0" statements="1" coveredstatements="1" elements="2" coveredelements="2"/>
      </file>
      <file name="/Users/fafan/TrainingDay2/php-lumen-yose/app/Http/Controllers/ContactController.php">
        <class name="ContactController" namespace="App\Http\Controllers">
          <metrics methods="1" coveredmethods="0" conditionals="0" coveredconditionals="0" statements="3" coveredstatements="0" elements="4" coveredelements="0"/>
        </class>
        <line num="9" type="method" name="contactme" crap="2" count="0"/>
        <line num="10" type="stmt" count="0"/>
        <line num="11" type="stmt" count="0"/>
        <line num="12" type="stmt" count="0"/>
        <metrics loc="13" ncloc="13" classes="1" methods="1" coveredmethods="0" conditionals="0" coveredconditionals="0" statements="3" coveredstatements="0" elements="4" coveredelements="0"/>
      </file>
      <file name="/Users/fafan/TrainingDay2/php-lumen-yose/app/Http/Controllers/HomeController.php">
        <class name="HomeController" namespace="App\Http\Controllers">
          <metrics methods="1" coveredmethods="1" conditionals="0" coveredconditionals="0" statements="1" coveredstatements="1" elements="2" coveredelements="2"/>
        </class>
        <line num="9" type="method" name="welcome" crap="1" count="4"/>
        <line num="11" type="stmt" count="4"/>
        <metrics loc="13" ncloc="13" classes="1" methods="1" coveredmethods="1" conditionals="0" coveredconditionals="0" statements="1" coveredstatements="1" elements="2" coveredelements="2"/>
      </file>
      <file name="/Users/fafan/TrainingDay2/php-lumen-yose/app/Http/Controllers/MinesweeperController.php">
        <class name="MinesweeperController" namespace="App\Http\Controllers">
          <metrics methods="1" coveredmethods="1" conditionals="0" coveredconditionals="0" statements="1" coveredstatements="1" elements="2" coveredelements="2"/>
        </class>
        <line num="10" type="method" name="board" crap="1" count="1"/>
        <line num="12" type="stmt" count="1"/>
        <metrics loc="14" ncloc="14" classes="1" methods="1" coveredmethods="1" conditionals="0" coveredconditionals="0" statements="1" coveredstatements="1" elements="2" coveredelements="2"/>
      </file>
      <file name="/Users/fafan/TrainingDay2/php-lumen-yose/app/Http/Controllers/PingController.php">
        <class name="PingController" namespace="App\Http\Controllers">
          <metrics methods="1" coveredmethods="1" conditionals="0" coveredconditionals="0" statements="1" coveredstatements="1" elements="2" coveredelements="2"/>
        </class>
        <line num="9" type="method" name="ping" crap="1" count="2"/>
        <line num="11" type="stmt" count="2"/>
        <metrics loc="13" ncloc="13" classes="1" methods="1" coveredmethods="1" conditionals="0" coveredconditionals="0" statements="1" coveredstatements="1" elements="2" coveredelements="2"/>
      </file>
      <file name="/Users/fafan/TrainingDay2/php-lumen-yose/app/Http/Controllers/PrimeFactorsController.php">
        <class name="PrimeFactorsController" namespace="App\Http\Controllers">
          <metrics methods="1" coveredmethods="1" conditionals="0" coveredconditionals="0" statements="11" coveredstatements="11" elements="12" coveredelements="12"/>
        </class>
        <line num="11" type="method" name="prime" crap="4" count="2"/>
        <line num="13" type="stmt" count="2"/>
        <line num="14" type="stmt" count="2"/>
        <line num="15" type="stmt" count="2"/>
        <line num="16" type="stmt" count="2"/>
        <line num="17" type="stmt" count="1"/>
        <line num="18" type="stmt" count="1"/>
        <line num="19" type="stmt" count="1"/>
        <line num="20" type="stmt" count="2"/>
        <line num="21" type="stmt" count="1"/>
        <line num="22" type="stmt" count="1"/>
        <line num="24" type="stmt" count="1"/>
        <metrics loc="26" ncloc="26" classes="1" methods="1" coveredmethods="1" conditionals="0" coveredconditionals="0" statements="11" coveredstatements="11" elements="12" coveredelements="12"/>
      </file>
      <file name="/Users/fafan/TrainingDay2/php-lumen-yose/app/Http/Controllers/ShareController.php">
        <class name="ShareController" namespace="App\Http\Controllers">
          <metrics methods="1" coveredmethods="0" conditionals="0" coveredconditionals="0" statements="3" coveredstatements="0" elements="4" coveredelements="0"/>
        </class>
        <line num="9" type="method" name="link" crap="2" count="0"/>
        <line num="10" type="stmt" count="0"/>
        <line num="11" type="stmt" count="0"/>
        <line num="12" type="stmt" count="0"/>
        <metrics loc="13" ncloc="13" classes="1" methods="1" coveredmethods="0" conditionals="0" coveredconditionals="0" statements="3" coveredstatements="0" elements="4" coveredelements="0"/>
      </file>
    </package>
    <package name="App\Http\Middleware">
      <file name="/Users/fafan/TrainingDay2/php-lumen-yose/app/Http/Middleware/ExampleMiddleware.php">
        <class name="ExampleMiddleware" namespace="App\Http\Middleware">
          <metrics methods="1" coveredmethods="0" conditionals="0" coveredconditionals="0" statements="3" coveredstatements="0" elements="4" coveredelements="0"/>
        </class>
        <line num="16" type="method" name="handle" crap="2" count="0"/>
        <line num="17" type="stmt" count="0"/>
        <line num="18" type="stmt" count="0"/>
        <line num="19" type="stmt" count="0"/>
        <metrics loc="20" ncloc="13" classes="1" methods="1" coveredmethods="0" conditionals="0" coveredconditionals="0" statements="3" coveredstatements="0" elements="4" coveredelements="0"/>
      </file>
    </package>
    <file name="/Users/fafan/TrainingDay2/php-lumen-yose/app/Http/routes.php">
      <line num="14" type="stmt" count="9"/>
      <line num="16" type="stmt" count="9"/>
      <line num="18" type="stmt" count="9"/>
      <line num="20" type="stmt" count="9"/>
      <line num="22" type="stmt" count="9"/>
      <line num="24" type="stmt" count="9"/>
      <line num="26" type="stmt" count="9"/>
      <metrics loc="26" ncloc="16" classes="0" methods="0" coveredmethods="0" conditionals="0" coveredconditionals="0" statements="7" coveredstatements="7" elements="7" coveredelements="7"/>
    </file>
    <package name="App\Jobs">
      <file name="/Users/fafan/TrainingDay2/php-lumen-yose/app/Jobs/Job.php">
        <class name="Job" namespace="App\Jobs">
          <metrics methods="0" coveredmethods="0" conditionals="0" coveredconditionals="0" statements="0" coveredstatements="0" elements="0" coveredelements="0"/>
        </class>
        <metrics loc="25" ncloc="15" classes="1" methods="0" coveredmethods="0" conditionals="0" coveredconditionals="0" statements="0" coveredstatements="0" elements="0" coveredelements="0"/>
      </file>
    </package>
    <package name="App\Listeners">
      <file name="/Users/fafan/TrainingDay2/php-lumen-yose/app/Listeners/Listener.php">
        <class name="Listener" namespace="App\Listeners">
          <metrics methods="0" coveredmethods="0" conditionals="0" coveredconditionals="0" statements="0" coveredstatements="0" elements="0" coveredelements="0"/>
        </class>
        <metrics loc="11" ncloc="9" classes="1" methods="0" coveredmethods="0" conditionals="0" coveredconditionals="0" statements="0" coveredstatements="0" elements="0" coveredelements="0"/>
      </file>
    </package>
    <package name="App\Providers">
      <file name="/Users/fafan/TrainingDay2/php-lumen-yose/app/Providers/AppServiceProvider.php">
        <class name="AppServiceProvider" namespace="App\Providers">
          <metrics methods="1" coveredmethods="0" conditionals="0" coveredconditionals="0" statements="2" coveredstatements="0" elements="3" coveredelements="0"/>
        </class>
        <line num="14" type="method" name="register" crap="2" count="0"/>
        <line num="15" type="stmt" count="0"/>
        <line num="17" type="stmt" count="0"/>
        <metrics loc="18" ncloc="11" classes="1" methods="1" coveredmethods="0" conditionals="0" coveredconditionals="0" statements="2" coveredstatements="0" elements="3" coveredelements="0"/>
      </file>
      <file name="/Users/fafan/TrainingDay2/php-lumen-yose/app/Providers/EventServiceProvider.php">
        <class name="EventServiceProvider" namespace="App\Providers">
          <metrics methods="0" coveredmethods="0" conditionals="0" coveredconditionals="0" statements="0" coveredstatements="0" elements="0" coveredelements="0"/>
        </class>
        <metrics loc="19" ncloc="14" classes="1" methods="0" coveredmethods="0" conditionals="0" coveredconditionals="0" statements="0" coveredstatements="0" elements="0" coveredelements="0"/>
      </file>
    </package>
    <metrics files="16" loc="307" ncloc="231" classes="15" methods="12" coveredmethods="5" conditionals="0" coveredconditionals="0" statements="41" coveredstatements="22" elements="53" coveredelements="27"/>
  </project>
</coverage>
